[2020-01-03T20:10:14.218] [DEBUG] cheese - login => username:admin,password:123456
[2020-01-03T20:10:14.222] [DEBUG] cheese - admin
[2020-01-03T20:10:14.245] [DEBUG] cheese - { inspect: [Function: inspect] }
[2020-01-03T20:10:14.248] [DEBUG] cheese - 查询失败
[2020-01-03T20:10:25.166] [DEBUG] cheese - login => username:lp,password:123456
[2020-01-03T20:10:25.166] [DEBUG] cheese - lp
[2020-01-03T20:10:25.171] [DEBUG] cheese - { inspect: [Function: inspect] }
[2020-01-03T20:10:25.172] [DEBUG] cheese - 查询失败
[2020-01-03T20:10:59.240] [DEBUG] cheese - login => username:admin,password:123456
[2020-01-03T20:10:59.240] [DEBUG] cheese - admin
[2020-01-03T20:10:59.248] [DEBUG] cheese - { inspect: [Function: inspect] }
[2020-01-03T20:10:59.249] [DEBUG] cheese - 查询失败
[2020-01-03T20:12:24.054] [DEBUG] cheese - login => username:admin,password:123456
[2020-01-03T20:12:24.054] [DEBUG] cheese - admin
[2020-01-03T20:12:24.062] [DEBUG] cheese - null
[2020-01-03T20:12:24.062] [DEBUG] cheese - null
[2020-01-03T20:14:32.434] [DEBUG] cheese - login => username:lp,password:111223
[2020-01-03T20:14:32.434] [DEBUG] cheese - lp
[2020-01-03T20:14:32.447] [DEBUG] cheese - null
[2020-01-03T20:14:32.447] [DEBUG] cheese - null
[2020-01-03T20:14:47.183] [DEBUG] cheese - login => username:admin,password:123456
[2020-01-03T20:14:47.183] [DEBUG] cheese - admin
[2020-01-03T20:14:47.186] [DEBUG] cheese - null
[2020-01-03T20:14:47.186] [DEBUG] cheese - null
[2020-01-03T20:16:34.444] [DEBUG] cheese - login => username:admin,password:123456
[2020-01-03T20:16:34.444] [DEBUG] cheese - admin
[2020-01-03T20:16:34.451] [DEBUG] cheese - null
[2020-01-03T20:16:34.451] [DEBUG] cheese - null
[2020-01-03T20:17:22.004] [DEBUG] cheese - login => username:admin,password:123456
[2020-01-03T20:17:22.004] [DEBUG] cheese - admin
[2020-01-03T20:17:22.009] [DEBUG] cheese - null
[2020-01-03T20:17:22.009] [DEBUG] cheese - null
[2020-01-03T21:44:59.087] [DEBUG] cheese - login => username:admin,password:123456
[2020-01-03T21:44:59.088] [DEBUG] cheese - admin
[2020-01-03T21:44:59.103] [DEBUG] cheese - null
[2020-01-03T21:44:59.103] [DEBUG] cheese - null
[2020-01-04T11:13:25.134] [DEBUG] cheese - null
[2020-01-04T11:14:23.568] [DEBUG] cheese - null
[2020-01-04T21:36:07.566] [DEBUG] cheese - login => username:admin,password:123456
[2020-01-04T21:36:07.570] [DEBUG] cheese - admin
[2020-01-04T21:36:07.592] [DEBUG] cheese - null
[2020-01-04T21:36:07.593] [DEBUG] cheese - null
[2020-01-04T21:46:00.216] [DEBUG] cheese - login => username:admin,password:123456
[2020-01-04T21:46:00.219] [DEBUG] cheese - admin
[2020-01-04T21:46:00.251] [DEBUG] cheese - null
[2020-01-04T21:46:00.251] [DEBUG] cheese - null
[2020-01-04T21:46:17.180] [DEBUG] cheese - login => username:lp,password:111223
[2020-01-04T21:46:17.180] [DEBUG] cheese - lp
[2020-01-04T21:46:17.191] [DEBUG] cheese - null
[2020-01-04T21:46:17.191] [DEBUG] cheese - null
[2020-01-04T21:56:40.374] [DEBUG] cheese - login => username:lp,password:111223
[2020-01-04T21:56:40.375] [DEBUG] cheese - lp
[2020-01-04T21:56:40.398] [DEBUG] cheese - null
[2020-01-04T21:56:40.399] [DEBUG] cheese - null
[2020-01-04T21:57:01.902] [DEBUG] cheese - login => username:admin,password:123456
[2020-01-04T21:57:01.903] [DEBUG] cheese - admin
[2020-01-04T21:57:01.915] [DEBUG] cheese - null
[2020-01-04T21:57:01.916] [DEBUG] cheese - null
[2020-01-04T21:57:25.719] [DEBUG] cheese - login => username:lp,password:111223
[2020-01-04T21:57:25.719] [DEBUG] cheese - lp
[2020-01-04T21:57:25.726] [DEBUG] cheese - null
[2020-01-04T21:57:25.726] [DEBUG] cheese - null
[2020-01-04T21:57:49.524] [DEBUG] cheese - login => username:lp,password:111223
[2020-01-04T21:57:49.524] [DEBUG] cheese - lp
[2020-01-04T21:57:49.531] [DEBUG] cheese - null
[2020-01-04T21:57:49.531] [DEBUG] cheese - null
[2020-01-04T21:58:12.140] [DEBUG] cheese - login => username:lp,password:111223
[2020-01-04T21:58:12.140] [DEBUG] cheese - lp
[2020-01-04T21:58:12.145] [DEBUG] cheese - null
[2020-01-04T21:58:12.145] [DEBUG] cheese - null
[2020-01-04T21:58:17.912] [DEBUG] cheese - login => username:admin,password:123456
[2020-01-04T21:58:17.912] [DEBUG] cheese - admin
[2020-01-04T21:58:17.921] [DEBUG] cheese - null
[2020-01-04T21:58:17.921] [DEBUG] cheese - null
[2020-01-04T21:59:50.457] [DEBUG] cheese - login => username:admin,password:123456
[2020-01-04T21:59:50.458] [DEBUG] cheese - admin
[2020-01-04T21:59:50.468] [DEBUG] cheese - null
[2020-01-04T21:59:50.468] [DEBUG] cheese - null
[2020-01-04T22:00:35.892] [DEBUG] cheese - login => username:admin,password:123456
[2020-01-04T22:00:35.892] [DEBUG] cheese - admin
[2020-01-04T22:00:35.896] [DEBUG] cheese - null
[2020-01-04T22:00:35.896] [DEBUG] cheese - null
[2020-01-06T09:02:32.734] [DEBUG] cheese - login => username:lp,password:111223
[2020-01-06T09:02:32.735] [DEBUG] cheese - lp
[2020-01-06T09:02:32.746] [DEBUG] cheese - null
[2020-01-06T09:02:32.747] [DEBUG] cheese - null
[2020-01-06T09:02:40.414] [DEBUG] cheese - login => username:admin,password:123456
[2020-01-06T09:02:40.414] [DEBUG] cheese - admin
[2020-01-06T09:02:40.419] [DEBUG] cheese - null
[2020-01-06T09:02:40.419] [DEBUG] cheese - null
[2020-01-06T09:03:23.177] [DEBUG] cheese - login => username:xiaoai,password:111223
[2020-01-06T09:03:23.178] [DEBUG] cheese - xiaoai
[2020-01-06T09:03:23.184] [DEBUG] cheese - null
[2020-01-06T09:03:23.185] [DEBUG] cheese - null
[2020-01-06T09:03:29.123] [DEBUG] cheese - login => username:xiaoai,password:123456
[2020-01-06T09:03:29.123] [DEBUG] cheese - xiaoai
[2020-01-06T09:03:29.128] [DEBUG] cheese - null
[2020-01-06T09:03:29.128] [DEBUG] cheese - null
[2020-01-06T09:03:36.880] [DEBUG] cheese - login => username:lp,password:111223
[2020-01-06T09:03:36.880] [DEBUG] cheese - lp
[2020-01-06T09:03:36.884] [DEBUG] cheese - null
[2020-01-06T09:03:36.884] [DEBUG] cheese - null
[2020-01-06T09:03:44.798] [DEBUG] cheese - login => username:test,password:123456
[2020-01-06T09:03:44.799] [DEBUG] cheese - test
[2020-01-06T09:03:44.805] [DEBUG] cheese - null
[2020-01-06T09:03:44.805] [DEBUG] cheese - null
[2020-01-06T09:03:58.787] [DEBUG] cheese - login => username:xiaoai,password:123456
[2020-01-06T09:03:58.787] [DEBUG] cheese - xiaoai
[2020-01-06T09:03:58.789] [DEBUG] cheese - null
[2020-01-06T09:03:58.789] [DEBUG] cheese - null
[2020-01-06T09:04:12.233] [DEBUG] cheese - login => username:admin,password:123456
[2020-01-06T09:04:12.233] [DEBUG] cheese - admin
[2020-01-06T09:04:12.238] [DEBUG] cheese - null
[2020-01-06T09:04:12.239] [DEBUG] cheese - null
[2020-01-06T09:05:35.696] [DEBUG] cheese - login => username:lp,password:111223
[2020-01-06T09:05:35.696] [DEBUG] cheese - lp
[2020-01-06T09:05:35.702] [DEBUG] cheese - null
[2020-01-06T09:05:35.702] [DEBUG] cheese - null
[2020-01-06T09:05:49.581] [DEBUG] cheese - login => username:admin,password:123456
[2020-01-06T09:05:49.581] [DEBUG] cheese - admin
[2020-01-06T09:05:49.584] [DEBUG] cheese - null
[2020-01-06T09:05:49.584] [DEBUG] cheese - null
[2020-01-06T10:38:52.227] [DEBUG] cheese - null
[2020-01-06T10:39:06.250] [DEBUG] cheese - null
[2020-01-06T10:39:49.897] [DEBUG] cheese - null
[2020-01-06T16:20:24.024] [DEBUG] cheese - null
[2020-01-06T16:21:29.478] [DEBUG] cheese - null
[2020-01-06T16:24:02.717] [DEBUG] cheese - null
[2020-01-06T16:25:29.151] [DEBUG] cheese - null
[2020-01-06T16:28:14.016] [DEBUG] cheese - null
[2020-01-06T16:33:44.248] [DEBUG] cheese - null
[2020-01-06T16:34:35.575] [DEBUG] cheese - null
[2020-01-06T16:36:18.060] [DEBUG] cheese - null
[2020-01-06T16:37:10.375] [DEBUG] cheese - null
[2020-01-06T18:10:16.929] [DEBUG] cheese - login => username:lp,password:111223
[2020-01-06T18:10:16.929] [DEBUG] cheese - lp
[2020-01-06T18:10:16.932] [DEBUG] cheese - null
[2020-01-06T18:10:16.932] [DEBUG] cheese - null
[2020-01-06T18:10:34.619] [DEBUG] cheese - login => username:admin,password:123456
[2020-01-06T18:10:34.619] [DEBUG] cheese - admin
[2020-01-06T18:10:34.621] [DEBUG] cheese - null
[2020-01-06T18:10:34.622] [DEBUG] cheese - null
[2020-01-07T08:52:52.284] [DEBUG] cheese - null
[2020-01-07T08:53:03.328] [DEBUG] cheese - null
[2020-01-07T08:54:30.912] [DEBUG] cheese - null
[2020-01-07T10:43:57.287] [DEBUG] cheese - null
[2020-01-07T10:51:22.911] [DEBUG] cheese - login => username:admin,password:123456
[2020-01-07T10:51:22.912] [DEBUG] cheese - admin
[2020-01-07T10:51:22.915] [DEBUG] cheese - null
[2020-01-07T10:51:22.916] [DEBUG] cheese - null
[2020-07-15T21:50:05.265] [DEBUG] cheese - login => username:admin,password:123456
[2020-07-15T21:50:05.270] [DEBUG] cheese - admin
[2020-07-15T21:50:05.414] [DEBUG] cheese - null
[2020-07-15T21:50:05.415] [DEBUG] cheese - null
[2020-07-15T21:50:34.539] [DEBUG] cheese - login => username:admin,password:123456
[2020-07-15T21:50:34.539] [DEBUG] cheese - admin
[2020-07-15T21:50:34.659] [DEBUG] cheese - null
[2020-07-15T21:50:34.660] [DEBUG] cheese - null
[2020-07-15T21:50:47.532] [DEBUG] cheese - login => username:admin,password:123456
[2020-07-15T21:50:47.532] [DEBUG] cheese - admin
[2020-07-15T21:50:47.661] [DEBUG] cheese - null
[2020-07-15T21:50:47.661] [DEBUG] cheese - null
[2020-08-01T11:41:21.064] [DEBUG] cheese - login => username:admin,password:123456
[2020-08-01T11:41:21.067] [DEBUG] cheese - admin
[2020-08-01T11:41:21.277] [DEBUG] cheese - null
[2020-08-01T11:41:21.278] [DEBUG] cheese - null
[2020-08-01T11:42:17.230] [DEBUG] cheese - login => username:admin,password:123456
[2020-08-01T11:42:17.230] [DEBUG] cheese - admin
[2020-08-01T11:42:17.237] [DEBUG] cheese - null
[2020-08-01T11:42:17.238] [DEBUG] cheese - null
[2020-08-01T11:42:20.694] [DEBUG] cheese - login => username:admin,password:123456
[2020-08-01T11:42:20.694] [DEBUG] cheese - admin
[2020-08-01T11:42:20.702] [DEBUG] cheese - null
[2020-08-01T11:42:20.702] [DEBUG] cheese - null
[2020-08-01T11:42:21.704] [DEBUG] cheese - login => username:admin,password:123456
[2020-08-01T11:42:21.704] [DEBUG] cheese - admin
[2020-08-01T11:42:21.708] [DEBUG] cheese - null
[2020-08-01T11:42:21.708] [DEBUG] cheese - null
[2020-08-02T13:12:47.227] [DEBUG] cheese - login => username:admin,password:123456
[2020-08-02T13:12:47.229] [DEBUG] cheese - admin
[2020-08-02T13:12:47.258] [DEBUG] cheese - null
[2020-08-02T13:12:47.258] [DEBUG] cheese - null
[2021-08-05T16:05:20.366] [DEBUG] cheese - login => username:admin,password:123456
[2021-08-05T16:05:20.368] [DEBUG] cheese - admin
[2021-08-05T16:05:20.376] [DEBUG] cheese - null
[2021-08-05T16:05:20.377] [DEBUG] cheese - null
[2021-08-05T16:10:29.716] [DEBUG] cheese - login => username:111111,password:111111
[2021-08-05T16:10:29.716] [DEBUG] cheese - 111111
[2021-08-05T16:10:29.722] [DEBUG] cheese - null
[2021-08-05T16:10:29.722] [DEBUG] cheese - null
[2021-08-05T16:15:34.491] [DEBUG] cheese - login => username:admin,password:123456
[2021-08-05T16:15:34.492] [DEBUG] cheese - admin
[2021-08-05T16:15:34.497] [DEBUG] cheese - null
[2021-08-05T16:15:34.497] [DEBUG] cheese - null
[2021-08-05T16:17:33.427] [DEBUG] cheese - login => username:aaaaa,password:aaaaaa
[2021-08-05T16:17:33.427] [DEBUG] cheese - aaaaa
[2021-08-05T16:17:33.429] [DEBUG] cheese - null
[2021-08-05T16:17:33.429] [DEBUG] cheese - null
[2021-08-05T16:17:42.928] [DEBUG] cheese - login => username:admin,password:123456
[2021-08-05T16:17:42.928] [DEBUG] cheese - admin
[2021-08-05T16:17:42.931] [DEBUG] cheese - null
[2021-08-05T16:17:42.931] [DEBUG] cheese - null
[2021-08-05T16:29:10.124] [DEBUG] cheese - login => username:admin,password:123456
[2021-08-05T16:29:10.124] [DEBUG] cheese - admin
[2021-08-05T16:29:10.129] [DEBUG] cheese - null
[2021-08-05T16:29:10.129] [DEBUG] cheese - null
[2021-08-05T16:31:19.208] [DEBUG] cheese - login => username:admin,password:123456
[2021-08-05T16:31:19.209] [DEBUG] cheese - admin
[2021-08-05T16:31:19.216] [DEBUG] cheese - null
[2021-08-05T16:31:19.216] [DEBUG] cheese - null
[2021-08-05T16:32:43.321] [DEBUG] cheese - login => username:admin,password:123456
[2021-08-05T16:32:43.321] [DEBUG] cheese - admin
[2021-08-05T16:32:43.324] [DEBUG] cheese - null
[2021-08-05T16:32:43.324] [DEBUG] cheese - null
[2021-08-05T17:05:42.000] [DEBUG] cheese - login => username:admin,password:123456
[2021-08-05T17:05:42.000] [DEBUG] cheese - admin
[2021-08-05T17:05:42.007] [DEBUG] cheese - null
[2021-08-05T17:05:42.007] [DEBUG] cheese - null
[2021-08-05T17:47:39.024] [DEBUG] cheese - login => username:admin,password:123456
[2021-08-05T17:47:39.024] [DEBUG] cheese - admin
[2021-08-05T17:47:39.030] [DEBUG] cheese - null
[2021-08-05T17:47:39.030] [DEBUG] cheese - null
[2021-08-06T18:39:35.841] [DEBUG] cheese - login => username:admin,password:123456
[2021-08-06T18:39:35.845] [DEBUG] cheese - admin
[2021-08-06T18:39:35.858] [DEBUG] cheese - null
[2021-08-06T18:39:35.859] [DEBUG] cheese - null
[2021-08-06T18:41:27.584] [DEBUG] cheese - login => username:admin,password:123456
[2021-08-06T18:41:27.585] [DEBUG] cheese - admin
[2021-08-06T18:41:27.587] [DEBUG] cheese - null
[2021-08-06T18:41:27.587] [DEBUG] cheese - null
[2021-08-06T22:40:55.340] [DEBUG] cheese - null
[2021-08-06T22:43:07.977] [DEBUG] cheese - null
[2021-08-06T22:43:19.583] [DEBUG] cheese - null
[2021-08-06T22:43:47.946] [DEBUG] cheese - null
[2021-08-06T22:44:18.630] [DEBUG] cheese - null
[2021-08-06T22:44:45.769] [DEBUG] cheese - null
[2021-08-06T22:45:32.782] [DEBUG] cheese - null
[2021-08-06T22:46:58.529] [DEBUG] cheese - null
[2021-08-06T22:50:30.787] [DEBUG] cheese - null
[2021-08-06T22:51:03.977] [DEBUG] cheese - null
[2021-08-06T23:37:49.749] [DEBUG] cheese - null
[2021-08-07T12:20:06.874] [DEBUG] cheese - login => username:admin,password:123456
[2021-08-07T12:20:06.875] [DEBUG] cheese - admin
[2021-08-07T12:20:06.904] [DEBUG] cheese - null
[2021-08-07T12:20:06.904] [DEBUG] cheese - null
[2021-08-07T12:48:19.184] [DEBUG] cheese - null
[2021-08-07T12:48:41.982] [DEBUG] cheese - null
[2021-08-07T12:49:42.548] [DEBUG] cheese - null
[2021-08-07T12:50:04.129] [DEBUG] cheese - null
[2021-08-07T12:50:34.064] [DEBUG] cheese - null
[2021-08-07T12:52:10.416] [DEBUG] cheese - null
[2021-08-07T23:05:12.426] [DEBUG] cheese - login => username:admin,password:123456
[2021-08-07T23:05:12.429] [DEBUG] cheese - admin
[2021-08-07T23:05:12.434] [DEBUG] cheese - null
[2021-08-07T23:05:12.435] [DEBUG] cheese - null
[2021-08-07T23:26:59.598] [DEBUG] cheese - login => username:admin,password:123456
[2021-08-07T23:26:59.599] [DEBUG] cheese - admin
[2021-08-07T23:26:59.650] [DEBUG] cheese - null
[2021-08-07T23:26:59.650] [DEBUG] cheese - null
[2021-08-07T23:30:18.946] [DEBUG] cheese - login => username:admin,password:123456
[2021-08-07T23:30:18.948] [DEBUG] cheese - admin
[2021-08-07T23:30:18.957] [DEBUG] cheese - null
[2021-08-07T23:30:18.958] [DEBUG] cheese - null
[2021-08-07T23:56:12.934] [DEBUG] cheese - login => username:admin,password:123456
[2021-08-07T23:56:12.936] [DEBUG] cheese - admin
[2021-08-07T23:56:12.946] [DEBUG] cheese - null
[2021-08-07T23:56:12.946] [DEBUG] cheese - null
[2021-08-08T19:50:28.028] [DEBUG] cheese - login => username:admin,password:123456
[2021-08-08T19:50:28.029] [DEBUG] cheese - admin
[2021-08-08T19:50:28.114] [DEBUG] cheese - null
[2021-08-08T19:50:28.115] [DEBUG] cheese - null
[2021-08-09T08:35:55.876] [DEBUG] cheese - null
[2021-08-09T08:36:02.162] [DEBUG] cheese - null
[2021-08-09T11:30:22.066] [DEBUG] cheese - null
[2021-08-09T15:31:05.474] [DEBUG] cheese - login => username:admin,password:123456
[2021-08-09T15:31:05.476] [DEBUG] cheese - admin
[2021-08-09T15:31:05.492] [DEBUG] cheese - null
[2021-08-09T15:31:05.493] [DEBUG] cheese - null
[2021-08-09T17:52:05.327] [DEBUG] cheese - login => username:admin,password:123456
[2021-08-09T17:52:05.329] [DEBUG] cheese - admin
[2021-08-09T17:52:05.337] [DEBUG] cheese - null
[2021-08-09T17:52:05.338] [DEBUG] cheese - null
[2021-08-10T15:20:55.549] [DEBUG] cheese - login => username:admin,password:123456
[2021-08-10T15:20:55.551] [DEBUG] cheese - admin
[2021-08-10T15:20:55.573] [DEBUG] cheese - null
[2021-08-10T15:20:55.573] [DEBUG] cheese - null
[2021-08-10T22:32:15.518] [DEBUG] cheese - null
[2021-08-10T22:32:27.073] [DEBUG] cheese - null
[2021-08-10T22:32:59.633] [DEBUG] cheese - null
[2021-08-10T22:33:42.286] [DEBUG] cheese - null
[2021-08-10T22:34:24.633] [DEBUG] cheese - null
[2021-08-10T22:34:30.641] [DEBUG] cheese - null
[2021-08-10T22:35:13.999] [DEBUG] cheese - null
[2021-08-10T22:37:53.218] [DEBUG] cheese - null
[2021-08-10T22:37:56.547] [DEBUG] cheese - null
[2021-08-10T22:42:07.038] [DEBUG] cheese - null
[2021-08-10T22:42:42.888] [DEBUG] cheese - null
[2021-08-10T22:47:06.503] [DEBUG] cheese - null
[2021-08-10T22:47:08.480] [DEBUG] cheese - null
[2021-08-10T22:47:15.395] [DEBUG] cheese - null
[2021-08-10T22:51:51.063] [DEBUG] cheese - null
[2021-08-10T22:51:54.652] [DEBUG] cheese - null
[2021-08-10T22:56:05.886] [DEBUG] cheese - null
[2021-08-10T22:56:10.825] [DEBUG] cheese - null
[2021-08-11T08:26:26.854] [DEBUG] cheese - login => username:admin,password:123456
[2021-08-11T08:26:26.856] [DEBUG] cheese - admin
[2021-08-11T08:26:26.962] [DEBUG] cheese - null
[2021-08-11T08:26:26.963] [DEBUG] cheese - null
[2021-08-11T08:27:29.840] [DEBUG] cheese - null
[2021-08-11T08:46:31.315] [DEBUG] cheese - null
[2021-08-11T09:09:55.603] [DEBUG] cheese - null
[2021-08-11T09:11:02.804] [DEBUG] cheese - null
[2021-08-11T09:12:10.758] [DEBUG] cheese - null
[2021-08-11T09:12:42.496] [DEBUG] cheese - null
[2021-08-11T09:13:09.736] [DEBUG] cheese - null
[2021-08-11T09:13:39.452] [DEBUG] cheese - null
[2021-08-11T10:37:41.153] [DEBUG] cheese - null
[2021-08-11T10:38:02.628] [DEBUG] cheese - null
[2021-08-11T10:38:44.656] [DEBUG] cheese - null
[2021-08-11T10:44:24.162] [DEBUG] cheese - null
[2021-08-11T10:46:21.411] [DEBUG] cheese - null
[2021-08-11T10:47:12.400] [DEBUG] cheese - null
[2021-08-11T10:47:18.851] [DEBUG] cheese - null
[2021-08-11T10:48:16.373] [DEBUG] cheese - null
[2021-08-11T10:52:06.107] [DEBUG] cheese - null
[2021-08-11T10:54:35.955] [DEBUG] cheese - null
[2021-08-11T10:54:50.159] [DEBUG] cheese - null
[2021-08-11T10:55:00.050] [DEBUG] cheese - null
[2021-08-11T10:56:02.945] [DEBUG] cheese - null
[2021-08-11T10:56:32.465] [DEBUG] cheese - null
[2021-08-11T10:57:31.666] [DEBUG] cheese - null
[2021-08-11T10:59:13.536] [DEBUG] cheese - null
[2021-08-11T10:59:23.113] [DEBUG] cheese - null
[2021-08-11T11:02:22.978] [DEBUG] cheese - null
[2021-08-11T11:03:58.883] [DEBUG] cheese - null
[2021-08-11T11:05:15.318] [DEBUG] cheese - null
[2021-08-11T11:05:36.254] [DEBUG] cheese - null
[2021-08-11T11:05:46.532] [DEBUG] cheese - null
[2021-08-11T11:06:18.767] [DEBUG] cheese - null
[2021-08-11T11:07:22.535] [DEBUG] cheese - null
[2021-08-11T11:08:01.680] [DEBUG] cheese - null
[2021-08-11T11:09:13.045] [DEBUG] cheese - null
[2021-08-11T11:10:00.960] [DEBUG] cheese - null
[2021-08-11T11:10:33.434] [DEBUG] cheese - null
[2021-08-11T11:17:29.748] [DEBUG] cheese - null
[2021-08-11T11:18:05.206] [DEBUG] cheese - null
[2021-08-11T11:18:15.813] [DEBUG] cheese - null
[2021-08-11T11:18:35.131] [DEBUG] cheese - null
[2021-08-11T11:31:37.436] [DEBUG] cheese - null
[2021-08-11T11:31:56.070] [DEBUG] cheese - null
[2021-08-11T11:31:58.754] [DEBUG] cheese - null
[2021-08-11T11:32:02.336] [DEBUG] cheese - null
[2021-08-11T11:32:30.590] [DEBUG] cheese - null
[2021-08-11T11:32:33.184] [DEBUG] cheese - null
[2021-08-11T11:36:26.796] [DEBUG] cheese - null
[2021-08-11T11:36:43.729] [DEBUG] cheese - null
[2021-08-11T11:40:22.489] [DEBUG] cheese - null
[2021-08-11T11:40:25.007] [DEBUG] cheese - null
[2021-08-11T11:40:30.099] [DEBUG] cheese - null
[2021-08-11T11:41:44.803] [DEBUG] cheese - null
[2021-08-11T11:43:27.114] [DEBUG] cheese - null
[2021-08-11T11:46:45.711] [DEBUG] cheese - null
[2021-08-11T11:46:51.148] [DEBUG] cheese - null
[2021-08-11T11:46:55.548] [DEBUG] cheese - null
[2021-08-11T11:53:51.177] [DEBUG] cheese - null
[2021-08-11T11:54:55.719] [DEBUG] cheese - null
[2021-08-11T15:40:00.463] [DEBUG] cheese - login => username:admin,password:123456
[2021-08-11T15:40:00.464] [DEBUG] cheese - admin
[2021-08-11T15:40:00.470] [DEBUG] cheese - null
[2021-08-11T15:40:00.470] [DEBUG] cheese - null
[2021-08-11T15:49:23.057] [DEBUG] cheese - login => username:admin,password:123456
[2021-08-11T15:49:23.058] [DEBUG] cheese - admin
[2021-08-11T15:49:23.064] [DEBUG] cheese - null
[2021-08-11T15:49:23.064] [DEBUG] cheese - null
[2021-08-11T16:21:34.882] [DEBUG] cheese - null
[2021-08-11T16:24:21.872] [DEBUG] cheese - null
[2021-08-11T16:27:34.549] [DEBUG] cheese - null
[2021-08-11T16:28:07.389] [DEBUG] cheese - null
[2021-08-11T16:30:15.932] [DEBUG] cheese - null
[2021-08-11T16:30:50.529] [DEBUG] cheese - null
[2021-08-11T16:37:37.727] [DEBUG] cheese - null
[2021-08-11T16:38:54.203] [DEBUG] cheese - null
[2021-08-11T20:51:20.927] [DEBUG] cheese - login => username:admin,password:123456
[2021-08-11T20:51:20.933] [DEBUG] cheese - admin
[2021-08-11T20:51:21.059] [DEBUG] cheese - null
[2021-08-11T20:51:21.060] [DEBUG] cheese - null
[2021-08-12T08:32:33.379] [DEBUG] cheese - login => username:admin,password:123456
[2021-08-12T08:32:33.380] [DEBUG] cheese - admin
[2021-08-12T08:32:33.480] [DEBUG] cheese - null
[2021-08-12T08:32:33.480] [DEBUG] cheese - null
[2021-08-12T10:10:28.567] [DEBUG] cheese - null
[2021-08-12T10:10:32.563] [DEBUG] cheese - null
[2021-08-12T10:10:37.842] [DEBUG] cheese - null
[2021-08-12T14:16:50.880] [DEBUG] cheese - null
